

Processing ApplicationController#index (for 127.0.0.1 at 2010-08-10 13:15:12) [GET]

ActionController::RoutingError (No route matches "/consomews" with {:method=>:get}):
  

Rendering rescues/layout (not_found)


Processing WsconsomeController#index (for 127.0.0.1 at 2010-08-10 13:15:24) [GET]
Completed in 63ms (View: 1, DB: 0) | 200 OK [http://localhost/wsconsome]


Processing WsconsomeController#index (for 127.0.0.1 at 2010-08-10 13:15:25) [GET]
Completed in 34ms (View: 0, DB: 0) | 200 OK [http://localhost/wsconsome]


Processing ApplicationController#index (for 127.0.0.1 at 2010-08-16 21:51:48) [GET]

ActionController::RoutingError (No route matches "/wscnsome" with {:method=>:get}):
  

Rendering rescues/layout (not_found)


Processing WsconsomeController#index (for 127.0.0.1 at 2010-08-16 21:51:58) [GET]
Completed in 617ms (View: 1, DB: 0) | 200 OK [http://localhost/wsconsome]


Processing WsconsomeController#index (for 127.0.0.1 at 2010-08-16 21:52:03) [GET]
Completed in 309ms (View: 1, DB: 0) | 200 OK [http://localhost/wsconsome]


Processing WsconsomeController#index (for 127.0.0.1 at 2010-08-16 21:52:05) [GET]
Completed in 265ms (View: 1, DB: 0) | 200 OK [http://localhost/wsconsome]


Processing WsconsomeController#index (for 127.0.0.1 at 2010-08-16 21:52:06) [GET]
Completed in 286ms (View: 1, DB: 0) | 200 OK [http://localhost/wsconsome]


Processing WsconsomeController#index (for 127.0.0.1 at 2010-08-16 21:52:08) [GET]
Completed in 264ms (View: 1, DB: 0) | 200 OK [http://localhost/wsconsome]


Processing Rails::InfoController#properties (for 127.0.0.1 at 2010-09-09 23:35:36) [GET]
  [4;36;1mSQL (0.4ms)[0m   [0;1m SELECT name
 FROM sqlite_master
 WHERE type = 'table' AND NOT name = 'sqlite_sequence'
[0m
Completed in 107ms (View: 2, DB: 0) | 200 OK [http://localhost/rails/info/properties]


Processing Rails::InfoController#properties (for 127.0.0.1 at 2010-09-09 23:35:38) [GET]
  [4;35;1mSQL (0.3ms)[0m   [0m SELECT name
 FROM sqlite_master
 WHERE type = 'table' AND NOT name = 'sqlite_sequence'
[0m
Completed in 22ms (View: 2, DB: 0) | 200 OK [http://localhost/rails/info/properties]


Processing ApplicationController#index (for 127.0.0.1 at 2010-09-09 23:35:44) [GET]

ActionController::RoutingError (No route matches "/iser" with {:method=>:get}):
  

Rendering rescues/layout (not_found)


Processing ApplicationController#index (for 127.0.0.1 at 2010-09-09 23:36:11) [GET]

ActionController::RoutingError (No route matches "/wsconsone" with {:method=>:get}):
  

Rendering rescues/layout (not_found)


Processing WsconsomeController#index (for 127.0.0.1 at 2010-09-09 23:36:17) [GET]
Completed in 3607ms (View: 1, DB: 0) | 200 OK [http://localhost/wsconsome]


Processing WsconsomeController#index (for 127.0.0.1 at 2010-09-09 23:36:25) [GET]
Completed in 118ms (View: 1, DB: 0) | 200 OK [http://localhost/wsconsome]


Processing WsconsomeController#index (for 127.0.0.1 at 2010-09-09 23:36:26) [GET]
Completed in 143ms (View: 1, DB: 0) | 200 OK [http://localhost/wsconsome]


Processing WsconsomeController#index (for 127.0.0.1 at 2010-09-09 23:36:27) [GET]
Completed in 143ms (View: 1, DB: 0) | 200 OK [http://localhost/wsconsome]


Processing WsconsomeController#index (for 127.0.0.1 at 2010-09-09 23:36:28) [GET]
Completed in 136ms (View: 1, DB: 0) | 200 OK [http://localhost/wsconsome]


Processing WsconsomeController#index (for 127.0.0.1 at 2010-09-09 23:36:29) [GET]
Completed in 115ms (View: 1, DB: 0) | 200 OK [http://localhost/wsconsome]


Processing WsconsomeController#index (for 127.0.0.1 at 2010-09-09 23:36:30) [GET]
Completed in 119ms (View: 1, DB: 0) | 200 OK [http://localhost/wsconsome]


Processing WsconsomeController#index (for 127.0.0.1 at 2010-09-09 23:36:33) [GET]
Completed in 165ms (View: 1, DB: 0) | 200 OK [http://localhost/wsconsome]


Processing WsconsomeController#index (for 127.0.0.1 at 2010-09-09 23:36:36) [GET]
Completed in 118ms (View: 1, DB: 0) | 200 OK [http://localhost/wsconsome]


Processing WsconsomeController#index (for 127.0.0.1 at 2010-09-09 23:36:47) [GET]
Completed in 176ms (View: 1, DB: 0) | 200 OK [http://localhost/wsconsome]


Processing WsconsomeController#index (for 127.0.0.1 at 2010-09-09 23:36:55) [GET]
Completed in 100ms (View: 1, DB: 0) | 200 OK [http://localhost/wsconsome]


Processing WsconsomeController#index (for 127.0.0.1 at 2010-09-09 23:36:57) [GET]
Completed in 141ms (View: 1, DB: 0) | 200 OK [http://localhost/wsconsome]


Processing WsconsomeController#index (for 127.0.0.1 at 2010-09-09 23:36:58) [GET]
Completed in 770ms (View: 1, DB: 0) | 200 OK [http://localhost/wsconsome]


Processing WsconsomeController#index (for 127.0.0.1 at 2010-09-09 23:37:00) [GET]
Completed in 96ms (View: 1, DB: 0) | 200 OK [http://localhost/wsconsome]


Processing WsconsomeController#index (for 127.0.0.1 at 2010-09-09 23:37:01) [GET]
Completed in 108ms (View: 1, DB: 0) | 200 OK [http://localhost/wsconsome]


Processing WsconsomeController#index (for 127.0.0.1 at 2010-09-09 23:37:02) [GET]
Completed in 128ms (View: 1, DB: 0) | 200 OK [http://localhost/wsconsome]


Processing WsconsomeController#index (for 127.0.0.1 at 2010-09-09 23:37:02) [GET]
Completed in 129ms (View: 1, DB: 0) | 200 OK [http://localhost/wsconsome]


Processing WsconsomeController#index (for 127.0.0.1 at 2010-09-09 23:37:03) [GET]
Completed in 126ms (View: 0, DB: 0) | 200 OK [http://localhost/wsconsome]


Processing WsconsomeController#index (for 127.0.0.1 at 2010-09-09 23:37:03) [GET]
Completed in 95ms (View: 1, DB: 0) | 200 OK [http://localhost/wsconsome]


Processing WsconsomeController#index (for 127.0.0.1 at 2010-09-09 23:37:04) [GET]
Completed in 122ms (View: 1, DB: 0) | 200 OK [http://localhost/wsconsome]


Processing WsconsomeController#index (for 127.0.0.1 at 2010-09-09 23:37:04) [GET]
Completed in 206ms (View: 1, DB: 0) | 200 OK [http://localhost/wsconsome]


Processing WsconsomeController#index (for 127.0.0.1 at 2010-09-09 23:37:04) [GET]
Completed in 103ms (View: 1, DB: 0) | 200 OK [http://localhost/wsconsome]


Processing WsconsomeController#index (for 127.0.0.1 at 2010-09-09 23:37:04) [GET]
Completed in 125ms (View: 1, DB: 0) | 200 OK [http://localhost/wsconsome]


Processing WsconsomeController#index (for 127.0.0.1 at 2010-09-09 23:37:05) [GET]
Completed in 139ms (View: 1, DB: 0) | 200 OK [http://localhost/wsconsome]


Processing WsconsomeController#index (for 127.0.0.1 at 2010-09-09 23:37:05) [GET]
Completed in 101ms (View: 1, DB: 0) | 200 OK [http://localhost/wsconsome]


Processing WsconsomeController#index (for 127.0.0.1 at 2010-09-09 23:37:06) [GET]
Completed in 107ms (View: 1, DB: 0) | 200 OK [http://localhost/wsconsome]


Processing WsconsomeController#index (for 127.0.0.1 at 2010-09-09 23:37:06) [GET]
Completed in 119ms (View: 1, DB: 0) | 200 OK [http://localhost/wsconsome]


Processing WsconsomeController#index (for 127.0.0.1 at 2010-09-09 23:37:06) [GET]
Completed in 100ms (View: 2, DB: 0) | 200 OK [http://localhost/wsconsome]


Processing WsconsomeController#index (for 127.0.0.1 at 2010-09-09 23:37:07) [GET]
Completed in 110ms (View: 1, DB: 0) | 200 OK [http://localhost/wsconsome]


Processing WsconsomeController#index (for 127.0.0.1 at 2010-09-09 23:37:07) [GET]
Completed in 160ms (View: 1, DB: 0) | 200 OK [http://localhost/wsconsome]


Processing WsconsomeController#index (for 127.0.0.1 at 2010-09-09 23:37:07) [GET]
Completed in 113ms (View: 1, DB: 0) | 200 OK [http://localhost/wsconsome]


Processing WsconsomeController#index (for 127.0.0.1 at 2010-09-09 23:37:08) [GET]
Completed in 98ms (View: 1, DB: 0) | 200 OK [http://localhost/wsconsome]


Processing WsconsomeController#index (for 127.0.0.1 at 2010-09-09 23:37:08) [GET]
Completed in 98ms (View: 1, DB: 0) | 200 OK [http://localhost/wsconsome]


Processing WsconsomeController#index (for 127.0.0.1 at 2010-09-09 23:37:08) [GET]
Completed in 96ms (View: 1, DB: 0) | 200 OK [http://localhost/wsconsome]


Processing WsconsomeController#index (for 127.0.0.1 at 2010-09-09 23:37:09) [GET]
Completed in 104ms (View: 1, DB: 0) | 200 OK [http://localhost/wsconsome]


Processing WsconsomeController#index (for 127.0.0.1 at 2010-09-09 23:37:09) [GET]
Completed in 104ms (View: 1, DB: 0) | 200 OK [http://localhost/wsconsome]


Processing WsconsomeController#index (for 127.0.0.1 at 2010-09-09 23:37:09) [GET]
Completed in 115ms (View: 1, DB: 0) | 200 OK [http://localhost/wsconsome]


Processing WsconsomeController#index (for 127.0.0.1 at 2010-09-09 23:37:10) [GET]
Completed in 122ms (View: 1, DB: 0) | 200 OK [http://localhost/wsconsome]


Processing WsconsomeController#index (for 127.0.0.1 at 2010-09-09 23:37:10) [GET]
Completed in 102ms (View: 1, DB: 0) | 200 OK [http://localhost/wsconsome]


Processing WsconsomeController#index (for 127.0.0.1 at 2010-09-09 23:37:10) [GET]
Completed in 95ms (View: 1, DB: 0) | 200 OK [http://localhost/wsconsome]


Processing WsconsomeController#index (for 127.0.0.1 at 2010-09-09 23:37:11) [GET]
Completed in 98ms (View: 1, DB: 0) | 200 OK [http://localhost/wsconsome]


Processing WsconsomeController#index (for 127.0.0.1 at 2010-09-09 23:37:11) [GET]
Completed in 94ms (View: 1, DB: 0) | 200 OK [http://localhost/wsconsome]


Processing WsconsomeController#index (for 127.0.0.1 at 2010-09-09 23:37:11) [GET]
Completed in 113ms (View: 1, DB: 0) | 200 OK [http://localhost/wsconsome]


Processing WsconsomeController#index (for 127.0.0.1 at 2010-09-09 23:37:11) [GET]
Completed in 104ms (View: 1, DB: 0) | 200 OK [http://localhost/wsconsome]


Processing WsconsomeController#index (for 127.0.0.1 at 2010-09-09 23:37:12) [GET]
Completed in 126ms (View: 1, DB: 0) | 200 OK [http://localhost/wsconsome]


Processing WsconsomeController#index (for 127.0.0.1 at 2010-09-09 23:37:12) [GET]
Completed in 136ms (View: 1, DB: 0) | 200 OK [http://localhost/wsconsome]


Processing WsconsomeController#index (for 127.0.0.1 at 2010-09-09 23:37:13) [GET]
Completed in 168ms (View: 1, DB: 0) | 200 OK [http://localhost/wsconsome]


Processing WsconsomeController#index (for 127.0.0.1 at 2010-09-09 23:37:13) [GET]
Completed in 152ms (View: 1, DB: 0) | 200 OK [http://localhost/wsconsome]


Processing WsconsomeController#index (for 127.0.0.1 at 2010-09-09 23:37:13) [GET]
Completed in 141ms (View: 1, DB: 0) | 200 OK [http://localhost/wsconsome]


Processing WsconsomeController#index (for 127.0.0.1 at 2010-09-09 23:37:14) [GET]
Completed in 135ms (View: 1, DB: 0) | 200 OK [http://localhost/wsconsome]


Processing WsconsomeController#index (for 127.0.0.1 at 2010-09-09 23:37:14) [GET]
Completed in 152ms (View: 1, DB: 0) | 200 OK [http://localhost/wsconsome]


Processing WsconsomeController#index (for 127.0.0.1 at 2010-09-09 23:37:14) [GET]
Completed in 166ms (View: 1, DB: 0) | 200 OK [http://localhost/wsconsome]


Processing WsconsomeController#index (for 127.0.0.1 at 2010-09-09 23:37:15) [GET]
Completed in 167ms (View: 1, DB: 0) | 200 OK [http://localhost/wsconsome]


Processing WsconsomeController#index (for 127.0.0.1 at 2010-09-09 23:37:15) [GET]
Completed in 131ms (View: 1, DB: 0) | 200 OK [http://localhost/wsconsome]


Processing WsconsomeController#index (for 127.0.0.1 at 2010-09-09 23:37:16) [GET]
Completed in 122ms (View: 1, DB: 0) | 200 OK [http://localhost/wsconsome]


Processing WsconsomeController#index (for 127.0.0.1 at 2010-09-09 23:37:16) [GET]
Completed in 132ms (View: 1, DB: 0) | 200 OK [http://localhost/wsconsome]


Processing WsconsomeController#index (for 127.0.0.1 at 2010-09-09 23:37:16) [GET]
Completed in 126ms (View: 1, DB: 0) | 200 OK [http://localhost/wsconsome]


Processing WsconsomeController#index (for 127.0.0.1 at 2010-09-09 23:37:17) [GET]
Completed in 124ms (View: 1, DB: 0) | 200 OK [http://localhost/wsconsome]


Processing WsconsomeController#index (for 127.0.0.1 at 2010-09-09 23:37:17) [GET]
Completed in 120ms (View: 1, DB: 0) | 200 OK [http://localhost/wsconsome]


Processing WsconsomeController#index (for 127.0.0.1 at 2010-09-09 23:37:17) [GET]
Completed in 136ms (View: 1, DB: 0) | 200 OK [http://localhost/wsconsome]


Processing WsconsomeController#index (for 127.0.0.1 at 2010-09-09 23:37:18) [GET]
Completed in 287ms (View: 1, DB: 0) | 200 OK [http://localhost/wsconsome]


Processing WsconsomeController#index (for 127.0.0.1 at 2010-09-09 23:37:18) [GET]
Completed in 149ms (View: 1, DB: 0) | 200 OK [http://localhost/wsconsome]


Processing WsconsomeController#index (for 127.0.0.1 at 2010-09-09 23:37:19) [GET]
Completed in 119ms (View: 1, DB: 0) | 200 OK [http://localhost/wsconsome]


Processing WsconsomeController#index (for 127.0.0.1 at 2010-09-09 23:37:19) [GET]
Completed in 154ms (View: 1, DB: 0) | 200 OK [http://localhost/wsconsome]


Processing WsconsomeController#index (for 127.0.0.1 at 2010-09-09 23:37:19) [GET]
Completed in 298ms (View: 1, DB: 0) | 200 OK [http://localhost/wsconsome]


Processing WsconsomeController#index (for 127.0.0.1 at 2010-09-09 23:37:20) [GET]
Completed in 146ms (View: 1, DB: 0) | 200 OK [http://localhost/wsconsome]


Processing WsconsomeController#index (for 127.0.0.1 at 2010-09-09 23:37:20) [GET]
Completed in 160ms (View: 1, DB: 0) | 200 OK [http://localhost/wsconsome]


Processing WsconsomeController#index (for 127.0.0.1 at 2010-09-09 23:37:21) [GET]
Completed in 137ms (View: 1, DB: 0) | 200 OK [http://localhost/wsconsome]


Processing WsconsomeController#index (for 127.0.0.1 at 2010-09-09 23:37:21) [GET]
Completed in 272ms (View: 1, DB: 0) | 200 OK [http://localhost/wsconsome]


Processing WsconsomeController#index (for 127.0.0.1 at 2010-09-09 23:37:21) [GET]
Completed in 133ms (View: 1, DB: 0) | 200 OK [http://localhost/wsconsome]


Processing WsconsomeController#index (for 127.0.0.1 at 2010-09-09 23:37:22) [GET]
Completed in 129ms (View: 1, DB: 0) | 200 OK [http://localhost/wsconsome]


Processing WsconsomeController#index (for 127.0.0.1 at 2010-09-09 23:37:22) [GET]
Completed in 129ms (View: 1, DB: 0) | 200 OK [http://localhost/wsconsome]


Processing WsconsomeController#index (for 127.0.0.1 at 2010-09-09 23:37:22) [GET]
Completed in 264ms (View: 1, DB: 0) | 200 OK [http://localhost/wsconsome]


Processing WsconsomeController#index (for 127.0.0.1 at 2010-09-09 23:37:23) [GET]
Completed in 124ms (View: 1, DB: 0) | 200 OK [http://localhost/wsconsome]


Processing WsconsomeController#index (for 127.0.0.1 at 2010-09-09 23:37:23) [GET]
Completed in 135ms (View: 1, DB: 0) | 200 OK [http://localhost/wsconsome]


Processing WsconsomeController#index (for 127.0.0.1 at 2010-09-09 23:37:24) [GET]
Completed in 113ms (View: 1, DB: 0) | 200 OK [http://localhost/wsconsome]


Processing WsconsomeController#index (for 127.0.0.1 at 2010-09-09 23:37:24) [GET]
Completed in 321ms (View: 1, DB: 0) | 200 OK [http://localhost/wsconsome]


Processing WsconsomeController#index (for 127.0.0.1 at 2010-09-09 23:37:24) [GET]
Completed in 111ms (View: 1, DB: 0) | 200 OK [http://localhost/wsconsome]


Processing WsconsomeController#index (for 127.0.0.1 at 2010-09-09 23:37:25) [GET]
Completed in 119ms (View: 1, DB: 0) | 200 OK [http://localhost/wsconsome]


Processing WsconsomeController#index (for 127.0.0.1 at 2010-09-09 23:37:25) [GET]
Completed in 102ms (View: 1, DB: 0) | 200 OK [http://localhost/wsconsome]


Processing WsconsomeController#index (for 127.0.0.1 at 2010-09-09 23:37:25) [GET]
Completed in 191ms (View: 1, DB: 0) | 200 OK [http://localhost/wsconsome]


Processing WsconsomeController#index (for 127.0.0.1 at 2010-09-09 23:37:26) [GET]
Completed in 98ms (View: 1, DB: 0) | 200 OK [http://localhost/wsconsome]


Processing WsconsomeController#index (for 127.0.0.1 at 2010-09-09 23:37:26) [GET]
Completed in 130ms (View: 1, DB: 0) | 200 OK [http://localhost/wsconsome]


Processing WsconsomeController#index (for 127.0.0.1 at 2010-09-09 23:37:26) [GET]
Completed in 114ms (View: 1, DB: 0) | 200 OK [http://localhost/wsconsome]


Processing WsconsomeController#index (for 127.0.0.1 at 2010-09-09 23:37:27) [GET]
Completed in 181ms (View: 1, DB: 0) | 200 OK [http://localhost/wsconsome]


Processing WsconsomeController#index (for 127.0.0.1 at 2010-09-09 23:37:27) [GET]
Completed in 126ms (View: 1, DB: 0) | 200 OK [http://localhost/wsconsome]


Processing WsconsomeController#index (for 127.0.0.1 at 2010-09-09 23:37:27) [GET]
Completed in 113ms (View: 1, DB: 0) | 200 OK [http://localhost/wsconsome]


Processing WsconsomeController#index (for 127.0.0.1 at 2010-09-09 23:37:28) [GET]
Completed in 121ms (View: 1, DB: 0) | 200 OK [http://localhost/wsconsome]


Processing WsconsomeController#index (for 127.0.0.1 at 2010-09-09 23:37:28) [GET]
Completed in 233ms (View: 1, DB: 0) | 200 OK [http://localhost/wsconsome]


Processing WsconsomeController#index (for 127.0.0.1 at 2010-09-09 23:37:28) [GET]
Completed in 98ms (View: 1, DB: 0) | 200 OK [http://localhost/wsconsome]


Processing WsconsomeController#index (for 127.0.0.1 at 2010-09-09 23:37:29) [GET]
Completed in 112ms (View: 1, DB: 0) | 200 OK [http://localhost/wsconsome]


Processing WsconsomeController#index (for 127.0.0.1 at 2010-09-09 23:37:29) [GET]
Completed in 464ms (View: 1, DB: 0) | 200 OK [http://localhost/wsconsome]


Processing WsconsomeController#index (for 127.0.0.1 at 2010-09-09 23:37:30) [GET]
Completed in 288ms (View: 1, DB: 0) | 200 OK [http://localhost/wsconsome]


Processing WsconsomeController#index (for 127.0.0.1 at 2010-09-09 23:37:30) [GET]
Completed in 128ms (View: 1, DB: 0) | 200 OK [http://localhost/wsconsome]


Processing WsconsomeController#index (for 127.0.0.1 at 2010-09-09 23:37:31) [GET]
Completed in 132ms (View: 1, DB: 0) | 200 OK [http://localhost/wsconsome]


Processing WsconsomeController#index (for 127.0.0.1 at 2010-09-09 23:37:31) [GET]
Completed in 132ms (View: 1, DB: 0) | 200 OK [http://localhost/wsconsome]


Processing WsconsomeController#index (for 127.0.0.1 at 2010-09-09 23:37:31) [GET]
Completed in 190ms (View: 1, DB: 0) | 200 OK [http://localhost/wsconsome]


Processing Rails::InfoController#properties (for 127.0.0.1 at 2010-11-16 23:31:44) [GET]
  [4;36;1mSQL (1.1ms)[0m   [0;1m SELECT name
 FROM sqlite_master
 WHERE type = 'table' AND NOT name = 'sqlite_sequence'
[0m
Completed in 53ms (View: 3, DB: 1) | 200 OK [http://localhost/rails/info/properties]


Processing WsconsomeController#index (for 127.0.0.1 at 2010-11-16 23:33:07) [GET]

NoMethodError (undefined method `GHCGenericFunction' for nil:NilClass):
  app/controllers/wsconsome_controller.rb:11:in `index'

Rendered rescues/_trace (38.2ms)
Rendered rescues/_request_and_response (1.4ms)
Rendering rescues/layout (internal_server_error)


Processing WsconsomeController#index (for 127.0.0.1 at 2010-11-16 23:33:50) [GET]
Completed in 4385ms (View: 1, DB: 0) | 200 OK [http://localhost/wsconsome]


Processing WsconsomeController#index (for 127.0.0.1 at 2010-11-16 23:34:23) [GET]
Completed in 327ms (View: 1, DB: 0) | 200 OK [http://localhost/wsconsome]


Processing WsconsomeController#index (for 127.0.0.1 at 2010-11-16 23:34:24) [GET]
Completed in 553ms (View: 1, DB: 0) | 200 OK [http://localhost/wsconsome]


Processing WsconsomeController#index (for 127.0.0.1 at 2010-11-16 23:34:25) [GET]
Completed in 355ms (View: 1, DB: 0) | 200 OK [http://localhost/wsconsome]


Processing WsconsomeController#index (for 127.0.0.1 at 2010-11-16 23:34:26) [GET]
Completed in 384ms (View: 1, DB: 0) | 200 OK [http://localhost/wsconsome]


Processing WsconsomeController#index (for 127.0.0.1 at 2010-11-16 23:34:26) [GET]
Completed in 298ms (View: 1, DB: 0) | 200 OK [http://localhost/wsconsome]


Processing WsconsomeController#index (for 127.0.0.1 at 2010-11-16 23:34:35) [GET]
Completed in 310ms (View: 1, DB: 0) | 200 OK [http://localhost/wsconsome]


Processing WsconsomeController#index (for 127.0.0.1 at 2010-11-16 23:34:36) [GET]
Completed in 334ms (View: 1, DB: 0) | 200 OK [http://localhost/wsconsome]


Processing WsconsomeController#index (for 127.0.0.1 at 2010-11-16 23:34:36) [GET]
Completed in 283ms (View: 1, DB: 0) | 200 OK [http://localhost/wsconsome]


Processing WsconsomeController#index (for 127.0.0.1 at 2010-11-16 23:34:46) [GET]
Completed in 323ms (View: 1, DB: 0) | 200 OK [http://localhost/wsconsome]


Processing WsconsomeController#index (for 127.0.0.1 at 2010-11-16 23:34:51) [GET]
Completed in 310ms (View: 1, DB: 0) | 200 OK [http://localhost/wsconsome]


Processing WsconsomeController#index (for 127.0.0.1 at 2010-11-16 23:34:53) [GET]
Completed in 369ms (View: 1, DB: 0) | 200 OK [http://localhost/wsconsome]


Processing ApplicationController#index (for 127.0.0.1 at 2010-12-20 16:05:34) [GET]

ActionController::RoutingError (No route matches "/wsconsole" with {:method=>:get}):
  

Rendering rescues/layout (not_found)


Processing WsconsomeController#index (for 127.0.0.1 at 2010-12-20 16:05:37) [GET]

Errno::ETIMEDOUT (Connection timed out - connect(2)):
  /home/administrator/.rvm/rubies/ruby-1.8.7-p302/lib/ruby/1.8/net/http.rb:560:in `initialize'
  /home/administrator/.rvm/rubies/ruby-1.8.7-p302/lib/ruby/1.8/net/http.rb:560:in `open'
  /home/administrator/.rvm/rubies/ruby-1.8.7-p302/lib/ruby/1.8/net/http.rb:560:in `connect'
  /home/administrator/.rvm/rubies/ruby-1.8.7-p302/lib/ruby/1.8/timeout.rb:53:in `timeout'
  /home/administrator/.rvm/rubies/ruby-1.8.7-p302/lib/ruby/1.8/timeout.rb:101:in `timeout'
  /home/administrator/.rvm/rubies/ruby-1.8.7-p302/lib/ruby/1.8/net/http.rb:560:in `connect'
  /home/administrator/.rvm/rubies/ruby-1.8.7-p302/lib/ruby/1.8/net/http.rb:553:in `do_start'
  /home/administrator/.rvm/rubies/ruby-1.8.7-p302/lib/ruby/1.8/net/http.rb:542:in `start'
  /home/administrator/.rvm/rubies/ruby-1.8.7-p302/lib/ruby/1.8/soap/netHttpClient.rb:115:in `start'
  /home/administrator/.rvm/rubies/ruby-1.8.7-p302/lib/ruby/1.8/soap/netHttpClient.rb:104:in `get_content'
  /home/administrator/.rvm/rubies/ruby-1.8.7-p302/lib/ruby/1.8/wsdl/xmlSchema/importer.rb:64:in `fetch'
  /home/administrator/.rvm/rubies/ruby-1.8.7-p302/lib/ruby/1.8/wsdl/xmlSchema/importer.rb:30:in `import'
  /home/administrator/.rvm/rubies/ruby-1.8.7-p302/lib/ruby/1.8/wsdl/importer.rb:18:in `import'
  /home/administrator/.rvm/rubies/ruby-1.8.7-p302/lib/ruby/1.8/soap/wsdlDriver.rb:124:in `import'
  /home/administrator/.rvm/rubies/ruby-1.8.7-p302/lib/ruby/1.8/soap/wsdlDriver.rb:28:in `initialize'
  app/controllers/wsconsome_controller.rb:8:in `new'
  app/controllers/wsconsome_controller.rb:8:in `index'

Rendered rescues/_trace (40.6ms)
Rendered rescues/_request_and_response (0.9ms)
Rendering rescues/layout (internal_server_error)


Processing WsconsomeController#index (for 127.0.0.1 at 2010-12-20 16:06:06) [GET]

Errno::ETIMEDOUT (Connection timed out - connect(2)):
  /home/administrator/.rvm/rubies/ruby-1.8.7-p302/lib/ruby/1.8/net/http.rb:560:in `initialize'
  /home/administrator/.rvm/rubies/ruby-1.8.7-p302/lib/ruby/1.8/net/http.rb:560:in `open'
  /home/administrator/.rvm/rubies/ruby-1.8.7-p302/lib/ruby/1.8/net/http.rb:560:in `connect'
  /home/administrator/.rvm/rubies/ruby-1.8.7-p302/lib/ruby/1.8/timeout.rb:53:in `timeout'
  /home/administrator/.rvm/rubies/ruby-1.8.7-p302/lib/ruby/1.8/timeout.rb:101:in `timeout'
  /home/administrator/.rvm/rubies/ruby-1.8.7-p302/lib/ruby/1.8/net/http.rb:560:in `connect'
  /home/administrator/.rvm/rubies/ruby-1.8.7-p302/lib/ruby/1.8/net/http.rb:553:in `do_start'
  /home/administrator/.rvm/rubies/ruby-1.8.7-p302/lib/ruby/1.8/net/http.rb:542:in `start'
  /home/administrator/.rvm/rubies/ruby-1.8.7-p302/lib/ruby/1.8/soap/netHttpClient.rb:115:in `start'
  /home/administrator/.rvm/rubies/ruby-1.8.7-p302/lib/ruby/1.8/soap/netHttpClient.rb:104:in `get_content'
  /home/administrator/.rvm/rubies/ruby-1.8.7-p302/lib/ruby/1.8/wsdl/xmlSchema/importer.rb:64:in `fetch'
  /home/administrator/.rvm/rubies/ruby-1.8.7-p302/lib/ruby/1.8/wsdl/xmlSchema/importer.rb:30:in `import'
  /home/administrator/.rvm/rubies/ruby-1.8.7-p302/lib/ruby/1.8/wsdl/importer.rb:18:in `import'
  /home/administrator/.rvm/rubies/ruby-1.8.7-p302/lib/ruby/1.8/soap/wsdlDriver.rb:124:in `import'
  /home/administrator/.rvm/rubies/ruby-1.8.7-p302/lib/ruby/1.8/soap/wsdlDriver.rb:28:in `initialize'
  app/controllers/wsconsome_controller.rb:8:in `new'
  app/controllers/wsconsome_controller.rb:8:in `index'

Rendered rescues/_trace (75.9ms)
Rendered rescues/_request_and_response (0.2ms)
Rendering rescues/layout (internal_server_error)


Processing WsconsomeController#index (for 127.0.0.1 at 2010-12-20 16:13:25) [GET]

Errno::ETIMEDOUT (Connection timed out - connect(2) (http://workflow.ghc.com.br:80)):
  httpclient (2.1.6) lib/httpclient/session.rb:734:in `initialize'
  httpclient (2.1.6) lib/httpclient/session.rb:734:in `new'
  httpclient (2.1.6) lib/httpclient/session.rb:734:in `create_socket'
  httpclient (2.1.6) lib/httpclient/session.rb:691:in `connect'
  httpclient (2.1.6) lib/httpclient/timeout.rb:129:in `timeout'
  httpclient (2.1.6) lib/httpclient/session.rb:690:in `connect'
  httpclient (2.1.6) lib/httpclient/session.rb:554:in `query'
  httpclient (2.1.6) lib/httpclient/session.rb:151:in `query'
  httpclient (2.1.6) lib/httpclient.rb:989:in `do_get_block'
  httpclient (2.1.6) lib/httpclient.rb:798:in `do_request'
  httpclient (2.1.6) lib/httpclient.rb:885:in `protect_keep_alive_disconnected'
  httpclient (2.1.6) lib/httpclient.rb:797:in `do_request'
  httpclient (2.1.6) lib/httpclient.rb:870:in `follow_redirect'
  httpclient (2.1.6) lib/httpclient.rb:532:in `get_content'
  /home/administrator/.rvm/rubies/ruby-1.8.7-p302/lib/ruby/1.8/wsdl/xmlSchema/importer.rb:64:in `fetch'
  /home/administrator/.rvm/rubies/ruby-1.8.7-p302/lib/ruby/1.8/wsdl/xmlSchema/importer.rb:30:in `import'
  /home/administrator/.rvm/rubies/ruby-1.8.7-p302/lib/ruby/1.8/wsdl/importer.rb:18:in `import'
  /home/administrator/.rvm/rubies/ruby-1.8.7-p302/lib/ruby/1.8/soap/wsdlDriver.rb:124:in `import'
  /home/administrator/.rvm/rubies/ruby-1.8.7-p302/lib/ruby/1.8/soap/wsdlDriver.rb:28:in `initialize'
  app/controllers/wsconsome_controller.rb:8:in `new'
  app/controllers/wsconsome_controller.rb:8:in `index'

Rendered rescues/_trace (42.4ms)
Rendered rescues/_request_and_response (0.9ms)
Rendering rescues/layout (internal_server_error)


Processing ApplicationController#index (for 127.0.0.1 at 2010-12-20 16:29:46) [GET]

SyntaxError (/home/administrator/railsprojects/wswsdldriver/app/controllers/wsconsome_controller.rb:6: unterminated string meets end of file
/home/administrator/railsprojects/wswsdldriver/app/controllers/wsconsome_controller.rb:6: syntax error, unexpected $end, expecting kEND):
  

Rendered rescues/_trace (24.1ms)
Rendered rescues/_request_and_response (0.9ms)
Rendering rescues/layout (internal_server_error)


Processing ApplicationController#index (for 127.0.0.1 at 2010-12-20 16:29:47) [GET]

SyntaxError (/home/administrator/railsprojects/wswsdldriver/app/controllers/wsconsome_controller.rb:6: unterminated string meets end of file
/home/administrator/railsprojects/wswsdldriver/app/controllers/wsconsome_controller.rb:6: syntax error, unexpected $end, expecting kEND):
  

Rendered rescues/_trace (57.9ms)
Rendered rescues/_request_and_response (0.2ms)
Rendering rescues/layout (internal_server_error)


Processing WsconsomeController#index (for 127.0.0.1 at 2010-12-20 16:29:58) [GET]

HTTPClient::ReceiveTimeoutError (execution expired):
  httpclient (2.1.6) lib/httpclient/timeout.rb:42:in `parse_header'
  httpclient (2.1.6) lib/httpclient/timeout.rb:129:in `timeout'
  httpclient (2.1.6) lib/httpclient/session.rb:804:in `parse_header'
  httpclient (2.1.6) lib/httpclient/session.rb:787:in `read_header'
  httpclient (2.1.6) lib/httpclient/session.rb:611:in `get_header'
  httpclient (2.1.6) lib/httpclient.rb:1043:in `do_get_header'
  httpclient (2.1.6) lib/httpclient.rb:992:in `do_get_block'
  httpclient (2.1.6) lib/httpclient.rb:798:in `do_request'
  httpclient (2.1.6) lib/httpclient.rb:885:in `protect_keep_alive_disconnected'
  httpclient (2.1.6) lib/httpclient.rb:797:in `do_request'
  httpclient (2.1.6) lib/httpclient.rb:695:in `request'
  httpclient (2.1.6) lib/httpclient.rb:617:in `post'
  /home/administrator/.rvm/rubies/ruby-1.8.7-p302/lib/ruby/1.8/soap/streamHandler.rb:170:in `send_post'
  /home/administrator/.rvm/rubies/ruby-1.8.7-p302/lib/ruby/1.8/soap/streamHandler.rb:109:in `send'
  /home/administrator/.rvm/rubies/ruby-1.8.7-p302/lib/ruby/1.8/soap/rpc/proxy.rb:170:in `route'
  /home/administrator/.rvm/rubies/ruby-1.8.7-p302/lib/ruby/1.8/soap/rpc/proxy.rb:141:in `call'
  /home/administrator/.rvm/rubies/ruby-1.8.7-p302/lib/ruby/1.8/soap/rpc/driver.rb:178:in `call'
  /home/administrator/.rvm/rubies/ruby-1.8.7-p302/lib/ruby/1.8/soap/rpc/driver.rb:232:in `gHCGenericFunction'
  /home/administrator/.rvm/rubies/ruby-1.8.7-p302/lib/ruby/1.8/soap/wsdlDriver.rb:117:in `__send__'
  /home/administrator/.rvm/rubies/ruby-1.8.7-p302/lib/ruby/1.8/soap/wsdlDriver.rb:117:in `GHCGenericFunction'
  app/controllers/wsconsome_controller.rb:10:in `index'

Rendered rescues/_trace (35.6ms)
Rendered rescues/_request_and_response (0.2ms)
Rendering rescues/layout (internal_server_error)


Processing WsconsomeController#index (for 127.0.0.1 at 2010-12-20 16:43:14) [GET]

HTTPClient::ReceiveTimeoutError (execution expired):
  httpclient (2.1.6) lib/httpclient/timeout.rb:42:in `parse_header'
  httpclient (2.1.6) lib/httpclient/timeout.rb:129:in `timeout'
  httpclient (2.1.6) lib/httpclient/session.rb:804:in `parse_header'
  httpclient (2.1.6) lib/httpclient/session.rb:787:in `read_header'
  httpclient (2.1.6) lib/httpclient/session.rb:611:in `get_header'
  httpclient (2.1.6) lib/httpclient.rb:1043:in `do_get_header'
  httpclient (2.1.6) lib/httpclient.rb:992:in `do_get_block'
  httpclient (2.1.6) lib/httpclient.rb:798:in `do_request'
  httpclient (2.1.6) lib/httpclient.rb:885:in `protect_keep_alive_disconnected'
  httpclient (2.1.6) lib/httpclient.rb:797:in `do_request'
  httpclient (2.1.6) lib/httpclient.rb:695:in `request'
  httpclient (2.1.6) lib/httpclient.rb:617:in `post'
  /home/administrator/.rvm/rubies/ruby-1.8.7-p302/lib/ruby/1.8/soap/streamHandler.rb:170:in `send_post'
  /home/administrator/.rvm/rubies/ruby-1.8.7-p302/lib/ruby/1.8/soap/streamHandler.rb:109:in `send'
  /home/administrator/.rvm/rubies/ruby-1.8.7-p302/lib/ruby/1.8/soap/rpc/proxy.rb:170:in `route'
  /home/administrator/.rvm/rubies/ruby-1.8.7-p302/lib/ruby/1.8/soap/rpc/proxy.rb:141:in `call'
  /home/administrator/.rvm/rubies/ruby-1.8.7-p302/lib/ruby/1.8/soap/rpc/driver.rb:178:in `call'
  /home/administrator/.rvm/rubies/ruby-1.8.7-p302/lib/ruby/1.8/soap/rpc/driver.rb:232:in `gHCGenericFunction'
  /home/administrator/.rvm/rubies/ruby-1.8.7-p302/lib/ruby/1.8/soap/wsdlDriver.rb:117:in `__send__'
  /home/administrator/.rvm/rubies/ruby-1.8.7-p302/lib/ruby/1.8/soap/wsdlDriver.rb:117:in `GHCGenericFunction'
  app/controllers/wsconsome_controller.rb:11:in `index'

Rendered rescues/_trace (72.1ms)
Rendered rescues/_request_and_response (0.9ms)
Rendering rescues/layout (internal_server_error)


Processing Rails::InfoController#properties (for 127.0.0.1 at 2010-12-20 16:45:00) [GET]
  [4;36;1mSQL (0.4ms)[0m   [0;1m SELECT name
 FROM sqlite_master
 WHERE type = 'table' AND NOT name = 'sqlite_sequence'
[0m
Completed in 25ms (View: 2, DB: 0) | 200 OK [http://localhost/rails/info/properties]


Processing WsconsomeController#index (for 127.0.0.1 at 2010-12-20 16:45:04) [GET]

HTTPClient::ReceiveTimeoutError (execution expired):
  httpclient (2.1.6) lib/httpclient/timeout.rb:42:in `parse_header'
  httpclient (2.1.6) lib/httpclient/timeout.rb:129:in `timeout'
  httpclient (2.1.6) lib/httpclient/session.rb:804:in `parse_header'
  httpclient (2.1.6) lib/httpclient/session.rb:787:in `read_header'
  httpclient (2.1.6) lib/httpclient/session.rb:611:in `get_header'
  httpclient (2.1.6) lib/httpclient.rb:1043:in `do_get_header'
  httpclient (2.1.6) lib/httpclient.rb:992:in `do_get_block'
  httpclient (2.1.6) lib/httpclient.rb:798:in `do_request'
  httpclient (2.1.6) lib/httpclient.rb:885:in `protect_keep_alive_disconnected'
  httpclient (2.1.6) lib/httpclient.rb:797:in `do_request'
  httpclient (2.1.6) lib/httpclient.rb:695:in `request'
  httpclient (2.1.6) lib/httpclient.rb:617:in `post'
  /home/administrator/.rvm/rubies/ruby-1.8.7-p302/lib/ruby/1.8/soap/streamHandler.rb:170:in `send_post'
  /home/administrator/.rvm/rubies/ruby-1.8.7-p302/lib/ruby/1.8/soap/streamHandler.rb:109:in `send'
  /home/administrator/.rvm/rubies/ruby-1.8.7-p302/lib/ruby/1.8/soap/rpc/proxy.rb:170:in `route'
  /home/administrator/.rvm/rubies/ruby-1.8.7-p302/lib/ruby/1.8/soap/rpc/proxy.rb:141:in `call'
  /home/administrator/.rvm/rubies/ruby-1.8.7-p302/lib/ruby/1.8/soap/rpc/driver.rb:178:in `call'
  /home/administrator/.rvm/rubies/ruby-1.8.7-p302/lib/ruby/1.8/soap/rpc/driver.rb:232:in `gHCGenericFunction'
  /home/administrator/.rvm/rubies/ruby-1.8.7-p302/lib/ruby/1.8/soap/wsdlDriver.rb:117:in `__send__'
  /home/administrator/.rvm/rubies/ruby-1.8.7-p302/lib/ruby/1.8/soap/wsdlDriver.rb:117:in `GHCGenericFunction'
  app/controllers/wsconsome_controller.rb:11:in `index'

Rendered rescues/_trace (37.2ms)
Rendered rescues/_request_and_response (0.2ms)
Rendering rescues/layout (internal_server_error)
  [4;36;1mSQL (0.6ms)[0m   [0;1m SELECT name
 FROM sqlite_master
 WHERE type = 'table' AND NOT name = 'sqlite_sequence'
[0m
  [4;35;1mSQL (12.7ms)[0m   [0mselect sqlite_version(*)[0m
  [4;36;1mSQL (16.7ms)[0m   [0;1mCREATE TABLE "schema_migrations" ("version" varchar(255) NOT NULL) [0m
  [4;35;1mSQL (0.2ms)[0m   [0mPRAGMA index_list("schema_migrations")[0m
  [4;36;1mSQL (2.4ms)[0m   [0;1mCREATE UNIQUE INDEX "unique_schema_migrations" ON "schema_migrations" ("version")[0m
  [4;35;1mSQL (0.3ms)[0m   [0m SELECT name
 FROM sqlite_master
 WHERE type = 'table' AND NOT name = 'sqlite_sequence'
[0m
  [4;36;1mSQL (0.4ms)[0m   [0;1m SELECT name
 FROM sqlite_master
 WHERE type = 'table' AND NOT name = 'sqlite_sequence'
[0m
  [4;35;1mSQL (0.2ms)[0m   [0mSELECT version FROM schema_migrations[0m
  [4;36;1mSQL (0.3ms)[0m   [0;1m SELECT name
 FROM sqlite_master
 WHERE type = 'table' AND NOT name = 'sqlite_sequence'
[0m


Processing WsconsomeController#index (for 127.0.0.1 at 2010-12-20 19:39:59) [GET]

Errno::ETIMEDOUT (Connection timed out - connect(2)):
  /home/administrator/.rvm/rubies/ruby-1.8.7-p302/lib/ruby/1.8/net/http.rb:560:in `initialize'
  /home/administrator/.rvm/rubies/ruby-1.8.7-p302/lib/ruby/1.8/net/http.rb:560:in `open'
  /home/administrator/.rvm/rubies/ruby-1.8.7-p302/lib/ruby/1.8/net/http.rb:560:in `connect'
  /home/administrator/.rvm/rubies/ruby-1.8.7-p302/lib/ruby/1.8/timeout.rb:53:in `timeout'
  /home/administrator/.rvm/rubies/ruby-1.8.7-p302/lib/ruby/1.8/timeout.rb:101:in `timeout'
  /home/administrator/.rvm/rubies/ruby-1.8.7-p302/lib/ruby/1.8/net/http.rb:560:in `connect'
  /home/administrator/.rvm/rubies/ruby-1.8.7-p302/lib/ruby/1.8/net/http.rb:553:in `do_start'
  /home/administrator/.rvm/rubies/ruby-1.8.7-p302/lib/ruby/1.8/net/http.rb:542:in `start'
  /home/administrator/.rvm/rubies/ruby-1.8.7-p302/lib/ruby/1.8/soap/netHttpClient.rb:115:in `start'
  /home/administrator/.rvm/rubies/ruby-1.8.7-p302/lib/ruby/1.8/soap/netHttpClient.rb:104:in `get_content'
  /home/administrator/.rvm/rubies/ruby-1.8.7-p302/lib/ruby/1.8/wsdl/xmlSchema/importer.rb:64:in `fetch'
  /home/administrator/.rvm/rubies/ruby-1.8.7-p302/lib/ruby/1.8/wsdl/xmlSchema/importer.rb:30:in `import'
  /home/administrator/.rvm/rubies/ruby-1.8.7-p302/lib/ruby/1.8/wsdl/importer.rb:18:in `import'
  /home/administrator/.rvm/rubies/ruby-1.8.7-p302/lib/ruby/1.8/soap/wsdlDriver.rb:124:in `import'
  /home/administrator/.rvm/rubies/ruby-1.8.7-p302/lib/ruby/1.8/soap/wsdlDriver.rb:28:in `initialize'
  app/controllers/wsconsome_controller.rb:19:in `new'
  app/controllers/wsconsome_controller.rb:19:in `wsdl'
  app/controllers/wsconsome_controller.rb:9:in `index'
  /home/administrator/.rvm/rubies/ruby-1.8.7-p302/lib/ruby/1.8/webrick/httpserver.rb:104:in `service'
  /home/administrator/.rvm/rubies/ruby-1.8.7-p302/lib/ruby/1.8/webrick/httpserver.rb:65:in `run'
  /home/administrator/.rvm/rubies/ruby-1.8.7-p302/lib/ruby/1.8/webrick/server.rb:173:in `start_thread'
  /home/administrator/.rvm/rubies/ruby-1.8.7-p302/lib/ruby/1.8/webrick/server.rb:162:in `start'
  /home/administrator/.rvm/rubies/ruby-1.8.7-p302/lib/ruby/1.8/webrick/server.rb:162:in `start_thread'
  /home/administrator/.rvm/rubies/ruby-1.8.7-p302/lib/ruby/1.8/webrick/server.rb:95:in `start'
  /home/administrator/.rvm/rubies/ruby-1.8.7-p302/lib/ruby/1.8/webrick/server.rb:92:in `each'
  /home/administrator/.rvm/rubies/ruby-1.8.7-p302/lib/ruby/1.8/webrick/server.rb:92:in `start'
  /home/administrator/.rvm/rubies/ruby-1.8.7-p302/lib/ruby/1.8/webrick/server.rb:23:in `start'
  /home/administrator/.rvm/rubies/ruby-1.8.7-p302/lib/ruby/1.8/webrick/server.rb:82:in `start'

Rendered rescues/_trace (67.4ms)
Rendered rescues/_request_and_response (1.5ms)
Rendering rescues/layout (internal_server_error)


Processing WsconsomeController#index (for 127.0.0.1 at 2010-12-20 19:41:10) [GET]
Completed in 1102ms (View: 1, DB: 0) | 200 OK [http://localhost/wsconsome]


Processing WsconsomeController#index (for 127.0.0.1 at 2010-12-20 19:41:25) [GET]
Completed in 351ms (View: 1, DB: 0) | 200 OK [http://localhost/wsconsome]


Processing WsconsomeController#index (for 127.0.0.1 at 2010-12-20 19:41:37) [GET]
Completed in 344ms (View: 1, DB: 0) | 200 OK [http://localhost/wsconsome]
